0 info it worked if it ends with ok
1 verbose cli [ '/usr/bin/node', '/usr/bin/npm', 'start' ]
2 info using npm@2.1.12
3 info using node@v0.10.33
4 verbose run-script [ 'prestart', 'start', 'poststart' ]
5 info prestart caveman-timemachine-robot-killer@0.0.0
6 info start caveman-timemachine-robot-killer@0.0.0
7 verbose unsafe-perm in lifecycle true
8 info caveman-timemachine-robot-killer@0.0.0 Failed to exec start script
9 verbose stack Error: caveman-timemachine-robot-killer@0.0.0 start: `node ./node_modules/gulp/bin/gulp.js`
9 verbose stack Exit status 8
9 verbose stack     at EventEmitter.<anonymous> (/usr/lib/node_modules/npm/lib/utils/lifecycle.js:212:16)
9 verbose stack     at EventEmitter.emit (events.js:98:17)
9 verbose stack     at ChildProcess.<anonymous> (/usr/lib/node_modules/npm/lib/utils/spawn.js:14:12)
9 verbose stack     at ChildProcess.emit (events.js:98:17)
9 verbose stack     at maybeClose (child_process.js:756:16)
9 verbose stack     at Process.ChildProcess._handle.onexit (child_process.js:823:5)
10 verbose pkgid caveman-timemachine-robot-killer@0.0.0
11 verbose cwd /home/zajca/public_html/game_jam
12 error Linux 3.17.6-1-ARCH
13 error argv "/usr/bin/node" "/usr/bin/npm" "start"
14 error node v0.10.33
15 error npm  v2.1.12
16 error code ELIFECYCLE
17 error caveman-timemachine-robot-killer@0.0.0 start: `node ./node_modules/gulp/bin/gulp.js`
17 error Exit status 8
18 error Failed at the caveman-timemachine-robot-killer@0.0.0 start script 'node ./node_modules/gulp/bin/gulp.js'.
18 error This is most likely a problem with the caveman-timemachine-robot-killer package,
18 error not with npm itself.
18 error Tell the author that this fails on your system:
18 error     node ./node_modules/gulp/bin/gulp.js
18 error You can get their info via:
18 error     npm owner ls caveman-timemachine-robot-killer
18 error There is likely additional logging output above.
19 verbose exit [ 1, true ]
